<?xml version="1.0" encoding="utf-8"?><testsuites name="pytest tests"><testsuite name="pytest" errors="0" failures="0" skipped="0" tests="19" time="1.961" timestamp="2026-04-08T13:08:51.113569+00:00" hostname="agent-env-49a0d321-14ab-49bd-a5ce-4a1b13d8cbc7"><testcase classname="backend.tests.test_billing_leakage_fix.TestHealthAndProviderStatus" name="test_health_endpoint_returns_200" time="0.408" /><testcase classname="backend.tests.test_billing_leakage_fix.TestHealthAndProviderStatus" name="test_provider_status_returns_instant_results" time="0.306" /><testcase classname="backend.tests.test_billing_leakage_fix.TestHealthAndProviderStatus" name="test_provider_status_no_billing_impact" time="0.324" /><testcase classname="backend.tests.test_billing_leakage_fix.TestErrorMessageSanitization" name="test_errors_js_classifies_billing_errors" time="0.001" /><testcase classname="backend.tests.test_billing_leakage_fix.TestErrorMessageSanitization" name="test_errors_js_classifies_auth_errors" time="0.001" /><testcase classname="backend.tests.test_billing_leakage_fix.TestErrorMessageSanitization" name="test_errors_js_classifies_rate_limit_errors" time="0.001" /><testcase classname="backend.tests.test_billing_leakage_fix.TestErrorMessageSanitization" name="test_provider_error_class_excludes_raw_error_in_response" time="0.000" /><testcase classname="backend.tests.test_billing_leakage_fix.TestCreditGatesInCode" name="test_chats_has_credit_precheck" time="0.000" /><testcase classname="backend.tests.test_billing_leakage_fix.TestCreditGatesInCode" name="test_stream_handler_has_credit_precheck" time="0.001" /><testcase classname="backend.tests.test_billing_leakage_fix.TestCreditGatesInCode" name="test_diffs_has_credit_precheck" time="0.001" /><testcase classname="backend.tests.test_billing_leakage_fix.TestCreditGatesInCode" name="test_assets_has_credit_precheck" time="0.000" /><testcase classname="backend.tests.test_billing_leakage_fix.TestNoRawErrorLeakage" name="test_chats_error_handler_uses_classifyProviderError" time="0.001" /><testcase classname="backend.tests.test_billing_leakage_fix.TestNoRawErrorLeakage" name="test_stream_handler_uses_classifyProviderError" time="0.000" /><testcase classname="backend.tests.test_billing_leakage_fix.TestNoRawErrorLeakage" name="test_assets_error_handler_sanitizes_errors" time="0.001" /><testcase classname="backend.tests.test_billing_leakage_fix.TestCreditCostsConfiguration" name="test_credit_costs_defined" time="0.000" /><testcase classname="backend.tests.test_billing_leakage_fix.TestCreditCostsConfiguration" name="test_estimate_request_cost_function" time="0.000" /><testcase classname="backend.tests.test_billing_leakage_fix.TestPublicEndpointSecurity" name="test_provider_status_no_api_key_details" time="0.252" /><testcase classname="backend.tests.test_billing_leakage_fix.TestPublicEndpointSecurity" name="test_health_endpoint_no_sensitive_info" time="0.340" /><testcase classname="backend.tests.test_billing_leakage_fix.TestErrorResponseFormat" name="test_unauthorized_error_format" time="0.248" /></testsuite></testsuites>