<?xml version="1.0" encoding="utf-8"?><testsuites name="pytest tests"><testsuite name="pytest" errors="0" failures="0" skipped="0" tests="15" time="13.333" timestamp="2026-03-30T03:19:41.500010+00:00" hostname="agent-env-11c84ea0-af22-4767-8b53-be6b2f745294"><testcase classname="backend.tests.test_batch_crawl.TestCrawlAuth" name="test_crawl_without_auth_returns_401" time="0.539" /><testcase classname="backend.tests.test_batch_crawl.TestSingleModeCrawl" name="test_crawl_without_mode_defaults_to_single" time="1.343" /><testcase classname="backend.tests.test_batch_crawl.TestSingleModeCrawl" name="test_crawl_with_explicit_single_mode" time="0.746" /><testcase classname="backend.tests.test_batch_crawl.TestBatchModeCrawl" name="test_batch_crawl_returns_summary" time="0.923" /><testcase classname="backend.tests.test_batch_crawl.TestBatchModeCrawl" name="test_batch_crawl_respects_max_pages" time="0.823" /><testcase classname="backend.tests.test_batch_crawl.TestBatchModeCrawl" name="test_batch_crawl_stays_on_same_hostname" time="1.289" /><testcase classname="backend.tests.test_batch_crawl.TestBatchModeCrawl" name="test_batch_crawl_site_with_no_internal_links" time="0.602" /><testcase classname="backend.tests.test_batch_crawl.TestBatchCrawlDataStorage" name="test_batch_pages_have_crawl_mode_field" time="1.715" /><testcase classname="backend.tests.test_batch_crawl.TestBatchCrawlDataStorage" name="test_batch_pages_have_parent_seed_url" time="1.348" /><testcase classname="backend.tests.test_batch_crawl.TestBatchCrawlDataStorage" name="test_single_mode_has_crawl_mode_single" time="1.166" /><testcase classname="backend.tests.test_batch_crawl.TestBatchCrawlValidation" name="test_invalid_mode_returns_400" time="0.558" /><testcase classname="backend.tests.test_batch_crawl.TestBatchCrawlValidation" name="test_max_pages_capped_at_25" time="0.588" /><testcase classname="backend.tests.test_batch_crawl.TestExistingFunctionality" name="test_pages_list_works" time="0.553" /><testcase classname="backend.tests.test_batch_crawl.TestExistingFunctionality" name="test_personas_list_works" time="0.513" /><testcase classname="backend.tests.test_batch_crawl.TestExistingFunctionality" name="test_trends_list_works" time="0.532" /></testsuite></testsuites>