<?xml version="1.0" encoding="utf-8"?><testsuites name="pytest tests"><testsuite name="pytest" errors="0" failures="0" skipped="4" tests="9" time="3.990" timestamp="2026-04-07T04:02:27.267817+00:00" hostname="agent-env-49a0d321-14ab-49bd-a5ce-4a1b13d8cbc7"><testcase classname="backend.tests.test_deploy_api.TestDownloadEndpoint" name="test_download_requires_auth" time="0.734" /><testcase classname="backend.tests.test_deploy_api.TestDownloadEndpoint" name="test_download_invalid_project_id" time="1.405" /><testcase classname="backend.tests.test_deploy_api.TestDownloadEndpoint" name="test_download_with_valid_project" time="0.610"><skipped type="pytest.skip" message="No projects available for testing">/app/backend/tests/test_deploy_api.py:72: No projects available for testing</skipped></testcase><testcase classname="backend.tests.test_deploy_api.TestDeploymentsEndpoint" name="test_deployments_requires_auth" time="0.293" /><testcase classname="backend.tests.test_deploy_api.TestDeploymentsEndpoint" name="test_deployments_with_valid_project" time="0.000"><skipped type="pytest.skip" message="No projects available for testing">/app/backend/tests/test_deploy_api.py:104: No projects available for testing</skipped></testcase><testcase classname="backend.tests.test_deploy_api.TestVercelDeployEndpoint" name="test_vercel_deploy_requires_auth" time="0.310" /><testcase classname="backend.tests.test_deploy_api.TestVercelDeployEndpoint" name="test_vercel_deploy_requires_token" time="0.000"><skipped type="pytest.skip" message="No projects available for testing">/app/backend/tests/test_deploy_api.py:135: No projects available for testing</skipped></testcase><testcase classname="backend.tests.test_deploy_api.TestVercelDeployEndpoint" name="test_vercel_deploy_with_invalid_token" time="0.000"><skipped type="pytest.skip" message="No projects available for testing">/app/backend/tests/test_deploy_api.py:151: No projects available for testing</skipped></testcase><testcase classname="backend.tests.test_deploy_api.TestMonitorsCheckAllButton" name="test_monitors_list_endpoint" time="0.486" /></testsuite></testsuites>