<?xml version="1.0" encoding="utf-8"?><testsuites name="pytest tests"><testsuite name="pytest" errors="0" failures="0" skipped="0" tests="11" time="9.950" timestamp="2026-04-07T02:59:37.616153+00:00" hostname="agent-env-49a0d321-14ab-49bd-a5ce-4a1b13d8cbc7"><testcase classname="backend.tests.test_monitors_api.TestHealthCheck" name="test_health_endpoint" time="0.537" /><testcase classname="backend.tests.test_monitors_api.TestMonitorsAPIUnauth" name="test_get_monitors_requires_auth" time="0.397" /><testcase classname="backend.tests.test_monitors_api.TestMonitorsAPIUnauth" name="test_post_monitors_requires_auth" time="0.382" /><testcase classname="backend.tests.test_monitors_api.TestMonitorsAPICRUD" name="test_get_monitors_list" time="1.100" /><testcase classname="backend.tests.test_monitors_api.TestMonitorsAPICRUD" name="test_create_monitor" time="0.750" /><testcase classname="backend.tests.test_monitors_api.TestMonitorsAPICRUD" name="test_create_duplicate_monitor_returns_already_exists" time="1.608" /><testcase classname="backend.tests.test_monitors_api.TestMonitorsAPICRUD" name="test_delete_monitor" time="1.663" /><testcase classname="backend.tests.test_monitors_api.TestMonitorsAPICRUD" name="test_delete_nonexistent_monitor_returns_404" time="0.564" /><testcase classname="backend.tests.test_monitors_api.TestMonitorCheckEndpoint" name="test_check_monitor_triggers_recrawl" time="1.749" /><testcase classname="backend.tests.test_monitors_api.TestMonitorCheckEndpoint" name="test_check_nonexistent_monitor_returns_404" time="0.559" /><testcase classname="backend.tests.test_monitors_api.TestMonitorValidation" name="test_create_monitor_requires_url" time="0.543" /></testsuite></testsuites>