<?xml version="1.0" encoding="utf-8"?><testsuites name="pytest tests"><testsuite name="pytest" errors="0" failures="0" skipped="0" tests="14" time="7.418" timestamp="2026-03-30T13:10:49.537516+00:00" hostname="agent-env-d4ab0f9a-165d-43ca-a4b6-7ca62e642dd5"><testcase classname="backend.tests.test_preview_runner.TestStaticHTMLPreview" name="test_start_static_html_returns_running" time="0.324" /><testcase classname="backend.tests.test_preview_runner.TestStaticHTMLPreview" name="test_static_html_status_returns_running" time="0.204" /><testcase classname="backend.tests.test_preview_runner.TestStaticHTMLPreview" name="test_static_html_serve_returns_content" time="1.245" /><testcase classname="backend.tests.test_preview_runner.TestNodeJSPreview" name="test_start_nodejs_returns_installing" time="0.152" /><testcase classname="backend.tests.test_preview_runner.TestNodeJSPreview" name="test_nodejs_status_shows_logs" time="2.235" /><testcase classname="backend.tests.test_preview_runner.TestPreviewErrorHandling" name="test_status_nonexistent_project_returns_none" time="0.168" /><testcase classname="backend.tests.test_preview_runner.TestPreviewErrorHandling" name="test_start_empty_files_returns_error" time="0.183" /><testcase classname="backend.tests.test_preview_runner.TestPreviewErrorHandling" name="test_start_without_project_id_returns_error" time="0.174" /><testcase classname="backend.tests.test_preview_runner.TestPreviewErrorHandling" name="test_start_no_html_or_package_json_returns_error" time="0.165" /><testcase classname="backend.tests.test_preview_runner.TestStopPreview" name="test_stop_running_preview" time="0.263" /><testcase classname="backend.tests.test_preview_runner.TestStopPreview" name="test_stop_nonexistent_preview" time="0.193" /><testcase classname="backend.tests.test_preview_runner.TestConcurrentPreviews" name="test_only_one_concurrent_preview_allowed" time="0.458" /><testcase classname="backend.tests.test_preview_runner.TestServeProxy" name="test_serve_nonexistent_project_returns_404" time="0.224" /><testcase classname="backend.tests.test_preview_runner.TestServeProxy" name="test_serve_subpath" time="1.242" /></testsuite></testsuites>