<?xml version="1.0" encoding="utf-8"?><testsuites name="pytest tests"><testsuite name="pytest" errors="0" failures="0" skipped="0" tests="10" time="7.035" timestamp="2026-04-07T12:48:09.698794+00:00" hostname="agent-env-49a0d321-14ab-49bd-a5ce-4a1b13d8cbc7"><testcase classname="backend.tests.test_share_api.TestShareAPI" name="test_create_share_requires_auth" time="1.561" /><testcase classname="backend.tests.test_share_api.TestShareAPI" name="test_create_share_empty_project" time="1.080" /><testcase classname="backend.tests.test_share_api.TestShareAPI" name="test_create_share_invalid_project" time="0.631" /><testcase classname="backend.tests.test_share_api.TestShareAPI" name="test_list_shares_requires_auth" time="0.572" /><testcase classname="backend.tests.test_share_api.TestShareAPI" name="test_list_shares_with_auth" time="0.629" /><testcase classname="backend.tests.test_share_api.TestShareAPI" name="test_public_preview_not_found" time="0.396" /><testcase classname="backend.tests.test_share_api.TestShareAPI" name="test_public_preview_no_auth_required" time="0.351" /><testcase classname="backend.tests.test_share_api.TestShareAPI" name="test_delete_share_requires_auth" time="0.284" /><testcase classname="backend.tests.test_share_api.TestShareAPI" name="test_delete_share_with_auth" time="0.636" /><testcase classname="backend.tests.test_share_api.TestShareEndToEnd" name="test_share_flow_with_empty_project" time="0.830" /></testsuite></testsuites>