<?xml version="1.0" encoding="utf-8"?><testsuites name="pytest tests"><testsuite name="pytest" errors="0" failures="0" skipped="0" tests="12" time="20.268" timestamp="2026-03-30T02:40:29.034643+00:00" hostname="agent-env-11c84ea0-af22-4767-8b53-be6b2f745294"><testcase classname="backend.tests.test_channel_drafts.TestGenerateDraftsAuth" name="test_generate_drafts_without_auth_returns_401" time="0.701" /><testcase classname="backend.tests.test_channel_drafts.TestGenerateDraftsValidation" name="test_generate_drafts_invalid_page_id_returns_error" time="1.086" /><testcase classname="backend.tests.test_channel_drafts.TestGenerateDraftsValidation" name="test_generate_drafts_invalid_persona_id_returns_404" time="1.306" /><testcase classname="backend.tests.test_channel_drafts.TestGenerateDraftsSuccess" name="test_generate_drafts_with_valid_page_id" time="2.781" /><testcase classname="backend.tests.test_channel_drafts.TestGenerateDraftsSuccess" name="test_drafts_structure_social_post" time="2.360" /><testcase classname="backend.tests.test_channel_drafts.TestGenerateDraftsSuccess" name="test_drafts_structure_search_ad" time="2.277" /><testcase classname="backend.tests.test_channel_drafts.TestGenerateDraftsSuccess" name="test_drafts_structure_email" time="2.501" /><testcase classname="backend.tests.test_channel_drafts.TestGenerateDraftsWithPersona" name="test_generate_drafts_with_persona_id" time="2.688" /><testcase classname="backend.tests.test_channel_drafts.TestDraftsPersistence" name="test_drafts_stored_on_page" time="3.049" /><testcase classname="backend.tests.test_channel_drafts.TestExistingFunctionality" name="test_pages_list_still_works" time="0.475" /><testcase classname="backend.tests.test_channel_drafts.TestExistingFunctionality" name="test_personas_list_still_works" time="0.477" /><testcase classname="backend.tests.test_channel_drafts.TestExistingFunctionality" name="test_trends_list_still_works" time="0.492" /></testsuite></testsuites>