<?xml version="1.0" encoding="utf-8"?><testsuites name="pytest tests"><testsuite name="pytest" errors="0" failures="0" skipped="0" tests="24" time="1.398" timestamp="2026-04-08T13:34:17.163420+00:00" hostname="agent-env-49a0d321-14ab-49bd-a5ce-4a1b13d8cbc7"><testcase classname="backend.tests.test_service_level_credit_gate.TestHealthAndProviderStatus" name="test_health_endpoint_returns_200" time="0.518" /><testcase classname="backend.tests.test_service_level_credit_gate.TestHealthAndProviderStatus" name="test_provider_status_returns_instant_results" time="0.367" /><testcase classname="backend.tests.test_service_level_credit_gate.TestAIServiceCreditGate" name="test_aiservice_has_credit_approved_flag" time="0.000" /><testcase classname="backend.tests.test_service_level_credit_gate.TestAIServiceCreditGate" name="test_aiservice_has_approve_credit_gate_method" time="0.000" /><testcase classname="backend.tests.test_service_level_credit_gate.TestAIServiceCreditGate" name="test_aiservice_has_require_credit_approval_method" time="0.000" /><testcase classname="backend.tests.test_service_level_credit_gate.TestAIServiceCreditGate" name="test_aiservice_has_call_model_safely_wrapper" time="0.000" /><testcase classname="backend.tests.test_service_level_credit_gate.TestAIServiceCreditGate" name="test_aiservice_has_stream_model_safely_wrapper" time="0.000" /><testcase classname="backend.tests.test_service_level_credit_gate.TestAIServiceCreditGate" name="test_process_message_stream_requires_credit_approval" time="0.000" /><testcase classname="backend.tests.test_service_level_credit_gate.TestAIServiceCreditGate" name="test_execute_plan_stream_requires_credit_approval" time="0.000" /><testcase classname="backend.tests.test_service_level_credit_gate.TestAIServiceCreditGate" name="test_process_message_requires_credit_approval" time="0.000" /><testcase classname="backend.tests.test_service_level_credit_gate.TestAIServiceCreditGate" name="test_process_image_generation_requires_credit_approval" time="0.000" /><testcase classname="backend.tests.test_service_level_credit_gate.TestRouteHandlersCallApproveCreditGate" name="test_stream_handler_calls_approve_credit_gate" time="0.000" /><testcase classname="backend.tests.test_service_level_credit_gate.TestRouteHandlersCallApproveCreditGate" name="test_chats_non_streaming_calls_approve_credit_gate" time="0.000" /><testcase classname="backend.tests.test_service_level_credit_gate.TestRouteHandlersCallApproveCreditGate" name="test_diffs_calls_approve_credit_gate" time="0.000" /><testcase classname="backend.tests.test_service_level_credit_gate.TestRouteHandlersCallApproveCreditGate" name="test_fork_handler_does_not_call_approve_credit_gate" time="0.000" /><testcase classname="backend.tests.test_service_level_credit_gate.TestImageServiceUsesEmergentKey" name="test_image_service_uses_emergent_llm_key" time="0.000" /><testcase classname="backend.tests.test_service_level_credit_gate.TestImageServiceUsesEmergentKey" name="test_image_service_uses_proxy_options" time="0.000" /><testcase classname="backend.tests.test_service_level_credit_gate.TestImageServiceUsesEmergentKey" name="test_image_service_translates_errors" time="0.000" /><testcase classname="backend.tests.test_service_level_credit_gate.TestNoRawErrorLeakage" name="test_provider_error_user_message_used" time="0.000" /><testcase classname="backend.tests.test_service_level_credit_gate.TestNoRawErrorLeakage" name="test_errors_js_has_safe_messages" time="0.000" /><testcase classname="backend.tests.test_service_level_credit_gate.TestNoRawErrorLeakage" name="test_no_api_key_in_error_responses" time="0.406" /><testcase classname="backend.tests.test_service_level_credit_gate.TestPublicEndpointSecurity" name="test_provider_status_only_checks_key_existence" time="0.000" /><testcase classname="backend.tests.test_service_level_credit_gate.TestCreditCostsConfiguration" name="test_credit_costs_defined" time="0.000" /><testcase classname="backend.tests.test_service_level_credit_gate.TestAPIKeyOnlyPlatformManaged" name="test_aiservice_api_key_method_uses_platform_keys" time="0.000" /></testsuite></testsuites>