<?xml version="1.0" encoding="utf-8"?><testsuites name="pytest tests"><testsuite name="pytest" errors="0" failures="0" skipped="0" tests="8" time="8.004" timestamp="2026-04-06T13:43:12.289091+00:00" hostname="agent-env-49a0d321-14ab-49bd-a5ce-4a1b13d8cbc7"><testcase classname="backend.tests.test_credits_api.TestCreditsAPI" name="test_get_credits_unauthenticated" time="0.975" /><testcase classname="backend.tests.test_credits_api.TestCreditsAPI" name="test_get_credits_authenticated" time="0.932" /><testcase classname="backend.tests.test_credits_api.TestCreditsAPI" name="test_use_credits_deducts_balance" time="1.352" /><testcase classname="backend.tests.test_credits_api.TestCreditsAPI" name="test_use_credits_invalid_action" time="0.870" /><testcase classname="backend.tests.test_credits_api.TestCreditsAPI" name="test_add_credits_increases_balance" time="1.317" /><testcase classname="backend.tests.test_credits_api.TestCreditsAPI" name="test_add_credits_invalid_amount" time="1.335" /><testcase classname="backend.tests.test_credits_api.TestModelCostsInCreditsResponse" name="test_model_costs_structure" time="0.870" /><testcase classname="backend.tests.test_credits_api.TestLoginFlow" name="test_supabase_login_success" time="0.285" /></testsuite></testsuites>