<?xml version="1.0" encoding="utf-8"?><testsuites name="pytest tests"><testsuite name="pytest" errors="0" failures="0" skipped="0" tests="13" time="5.200" timestamp="2026-04-07T14:26:02.199439+00:00" hostname="agent-env-49a0d321-14ab-49bd-a5ce-4a1b13d8cbc7"><testcase classname="backend.tests.test_iteration62_features.TestMarketplaceAPI" name="test_marketplace_list_no_auth" time="0.880" /><testcase classname="backend.tests.test_iteration62_features.TestMarketplaceAPI" name="test_marketplace_publish_requires_auth" time="0.350" /><testcase classname="backend.tests.test_iteration62_features.TestMarketplaceAPI" name="test_marketplace_reviews_post_requires_auth" time="0.367" /><testcase classname="backend.tests.test_iteration62_features.TestMarketplaceAPI" name="test_marketplace_reviews_get_no_auth" time="0.581" /><testcase classname="backend.tests.test_iteration62_features.TestMarketplaceAPI" name="test_marketplace_clone_requires_auth" time="0.349" /><testcase classname="backend.tests.test_iteration62_features.TestMarketplaceAPI" name="test_marketplace_delete_requires_auth" time="0.323" /><testcase classname="backend.tests.test_iteration62_features.TestTemplatesAPI" name="test_templates_list" time="0.332" /><testcase classname="backend.tests.test_iteration62_features.TestShareExpiryAPI" name="test_share_requires_auth" time="0.286" /><testcase classname="backend.tests.test_iteration62_features.TestShareExpiryAPI" name="test_shared_token_not_found" time="0.430" /><testcase classname="backend.tests.test_iteration62_features.TestDeploymentStatusAPI" name="test_deployment_status_requires_auth" time="0.320" /><testcase classname="backend.tests.test_iteration62_features.TestScheduleAPI" name="test_schedule_get_requires_auth" time="0.289" /><testcase classname="backend.tests.test_iteration62_features.TestScheduleAPI" name="test_schedule_post_requires_auth" time="0.322" /><testcase classname="backend.tests.test_iteration62_features.TestProjectCreationWithTemplate" name="test_project_creation_requires_auth" time="0.306" /></testsuite></testsuites>