<?xml version="1.0" encoding="utf-8"?><testsuites name="pytest tests"><testsuite name="pytest" errors="0" failures="0" skipped="0" tests="4" time="1.450" timestamp="2026-03-29T03:41:47.873187+00:00" hostname="agent-env-c13001eb-d26f-4c42-87df-a05cffa97a7f"><testcase classname="backend.tests.test_github_import.TestGitHubImportAuth" name="test_github_import_returns_401_without_auth" time="0.507" /><testcase classname="backend.tests.test_github_import.TestGitHubImportAuth" name="test_github_sync_returns_401_without_auth" time="0.309" /><testcase classname="backend.tests.test_github_import.TestGitHubImportAuth" name="test_github_import_with_empty_body" time="0.291" /><testcase classname="backend.tests.test_github_import.TestGitHubImportAuth" name="test_github_sync_with_empty_body" time="0.280" /></testsuite></testsuites>