<?xml version="1.0" encoding="utf-8"?><testsuites name="pytest tests"><testsuite name="pytest" errors="0" failures="0" skipped="12" tests="19" time="4.769" timestamp="2026-04-07T13:45:40.020491+00:00" hostname="agent-env-49a0d321-14ab-49bd-a5ce-4a1b13d8cbc7"><testcase classname="backend.tests.test_iteration61_features.TestMarketplaceAPI" name="test_marketplace_list_no_auth" time="1.183" /><testcase classname="backend.tests.test_iteration61_features.TestMarketplaceAPI" name="test_marketplace_publish_requires_auth" time="0.384" /><testcase classname="backend.tests.test_iteration61_features.TestMarketplaceAPI" name="test_marketplace_clone_requires_auth" time="0.407" /><testcase classname="backend.tests.test_iteration61_features.TestMarketplaceAPI" name="test_marketplace_delete_requires_auth" time="0.307" /><testcase classname="backend.tests.test_iteration61_features.TestMarketplaceAPI" name="test_marketplace_publish_requires_project_id" time="0.334"><skipped type="pytest.skip" message="Login failed: 404 - {&quot;error&quot;:&quot;Route /auth/login not found&quot;}">/app/backend/tests/test_iteration61_features.py:77: Login failed: 404 - {"error":"Route /auth/login not found"}</skipped></testcase><testcase classname="backend.tests.test_iteration61_features.TestShareExpiryAPI" name="test_share_with_expiry_never" time="0.310"><skipped type="pytest.skip" message="Login failed: 404">/app/backend/tests/test_iteration61_features.py:123: Login failed: 404</skipped></testcase><testcase classname="backend.tests.test_iteration61_features.TestShareExpiryAPI" name="test_share_with_expiry_1h" time="0.000"><skipped type="pytest.skip" message="Login failed: 404">/app/backend/tests/test_iteration61_features.py:135: Login failed: 404</skipped></testcase><testcase classname="backend.tests.test_iteration61_features.TestShareExpiryAPI" name="test_shares_list_includes_expiry_fields" time="0.000"><skipped type="pytest.skip" message="Login failed: 404">/app/backend/tests/test_iteration61_features.py:153: Login failed: 404</skipped></testcase><testcase classname="backend.tests.test_iteration61_features.TestDeploymentStatusAPI" name="test_deployment_status_requires_auth" time="0.404"><skipped type="pytest.skip" message="Login failed: 404">/app/backend/tests/test_iteration61_features.py:194: Login failed: 404</skipped></testcase><testcase classname="backend.tests.test_iteration61_features.TestDeploymentStatusAPI" name="test_deployment_status_not_found" time="0.000"><skipped type="pytest.skip" message="Login failed: 404">/app/backend/tests/test_iteration61_features.py:200: Login failed: 404</skipped></testcase><testcase classname="backend.tests.test_iteration61_features.TestDeploymentStatusAPI" name="test_deployments_list" time="0.000"><skipped type="pytest.skip" message="Login failed: 404">/app/backend/tests/test_iteration61_features.py:208: Login failed: 404</skipped></testcase><testcase classname="backend.tests.test_iteration61_features.TestScheduleAPI" name="test_schedule_get_requires_auth" time="0.319" /><testcase classname="backend.tests.test_iteration61_features.TestScheduleAPI" name="test_schedule_post_requires_auth" time="0.326" /><testcase classname="backend.tests.test_iteration61_features.TestScheduleAPI" name="test_schedule_get" time="0.262"><skipped type="pytest.skip" message="Login failed: 404">/app/backend/tests/test_iteration61_features.py:247: Login failed: 404</skipped></testcase><testcase classname="backend.tests.test_iteration61_features.TestScheduleAPI" name="test_schedule_set_enabled" time="0.000"><skipped type="pytest.skip" message="Login failed: 404">/app/backend/tests/test_iteration61_features.py:258: Login failed: 404</skipped></testcase><testcase classname="backend.tests.test_iteration61_features.TestScheduleAPI" name="test_schedule_set_disabled" time="0.000"><skipped type="pytest.skip" message="Login failed: 404">/app/backend/tests/test_iteration61_features.py:272: Login failed: 404</skipped></testcase><testcase classname="backend.tests.test_iteration61_features.TestScheduleAPI" name="test_schedule_invalid_frequency" time="0.000"><skipped type="pytest.skip" message="Login failed: 404">/app/backend/tests/test_iteration61_features.py:285: Login failed: 404</skipped></testcase><testcase classname="backend.tests.test_iteration61_features.TestScheduleAPI" name="test_schedule_valid_frequencies" time="0.000"><skipped type="pytest.skip" message="Login failed: 404">/app/backend/tests/test_iteration61_features.py:294: Login failed: 404</skipped></testcase><testcase classname="backend.tests.test_iteration61_features.TestExpiredShareLink" name="test_shared_endpoint_exists" time="0.433" /></testsuite></testsuites>