<?xml version="1.0" encoding="utf-8"?><testsuites name="pytest tests"><testsuite name="pytest" errors="0" failures="0" skipped="0" tests="15" time="31.167" timestamp="2026-03-30T02:13:59.817325+00:00" hostname="agent-env-11c84ea0-af22-4767-8b53-be6b2f745294"><testcase classname="backend.tests.test_persona_engine.TestPersonaAuthRequired" name="test_create_persona_requires_auth" time="1.242" /><testcase classname="backend.tests.test_persona_engine.TestPersonaAuthRequired" name="test_list_personas_requires_auth" time="0.860" /><testcase classname="backend.tests.test_persona_engine.TestPersonaAuthRequired" name="test_delete_persona_requires_auth" time="0.444" /><testcase classname="backend.tests.test_persona_engine.TestPersonaCreate" name="test_create_persona_success" time="1.714" /><testcase classname="backend.tests.test_persona_engine.TestPersonaCreate" name="test_create_persona_name_only" time="1.359" /><testcase classname="backend.tests.test_persona_engine.TestPersonaCreate" name="test_create_persona_missing_name" time="0.602" /><testcase classname="backend.tests.test_persona_engine.TestPersonaCreate" name="test_create_persona_empty_name" time="0.610" /><testcase classname="backend.tests.test_persona_engine.TestPersonaCreate" name="test_create_persona_whitespace_name" time="0.601" /><testcase classname="backend.tests.test_persona_engine.TestPersonaList" name="test_list_personas" time="0.563" /><testcase classname="backend.tests.test_persona_engine.TestPersonaDelete" name="test_delete_persona" time="1.763" /><testcase classname="backend.tests.test_persona_engine.TestPersonaDelete" name="test_delete_nonexistent_persona" time="0.639" /><testcase classname="backend.tests.test_persona_engine.TestAutoSeedPersonas" name="test_auto_seed_on_first_crawl" time="5.975" /><testcase classname="backend.tests.test_persona_engine.TestAutoSeedPersonas" name="test_auto_seed_idempotency" time="6.194" /><testcase classname="backend.tests.test_persona_engine.TestAnalyzeWithPersona" name="test_analyze_with_personas" time="7.903" /><testcase classname="backend.tests.test_persona_engine.TestPersonaCleanup" name="test_cleanup_test_personas" time="0.568" /></testsuite></testsuites>