<?xml version="1.0" encoding="utf-8"?><testsuites name="pytest tests"><testsuite name="pytest" errors="0" failures="0" skipped="0" tests="10" time="0.330" timestamp="2026-04-08T02:03:03.357044+00:00" hostname="agent-env-49a0d321-14ab-49bd-a5ce-4a1b13d8cbc7"><testcase classname="backend.tests.test_intents.TestIsSimpleFrontendEdit" name="test_creative_brief_prompt_returns_false" time="0.028" /><testcase classname="backend.tests.test_intents.TestIsSimpleFrontendEdit" name="test_long_message_returns_false" time="0.028" /><testcase classname="backend.tests.test_intents.TestIsSimpleFrontendEdit" name="test_simple_landing_page_returns_true" time="0.032" /><testcase classname="backend.tests.test_intents.TestIsSimpleFrontendEdit" name="test_simple_dashboard_returns_true" time="0.029" /><testcase classname="backend.tests.test_intents.TestIsSimpleFrontendEdit" name="test_production_ready_pages_disqualifier" time="0.032" /><testcase classname="backend.tests.test_intents.TestIsSimpleFrontendEdit" name="test_separate_component_files_disqualifier" time="0.030" /><testcase classname="backend.tests.test_intents.TestIsSimpleFrontendEdit" name="test_pages_needed_disqualifier" time="0.029" /><testcase classname="backend.tests.test_intents.TestClassifyIntent" name="test_creative_brief_classified_as_build" time="0.032" /><testcase classname="backend.tests.test_intents.TestClassifyIntent" name="test_simple_landing_page_classified_as_build" time="0.031" /><testcase classname="backend.tests.test_intents.TestFullBriefPrompt" name="test_full_brief_prompt_not_simple_edit" time="0.031" /></testsuite></testsuites>