<?xml version="1.0" encoding="utf-8"?><testsuites name="pytest tests"><testsuite name="pytest" errors="0" failures="0" skipped="0" tests="19" time="22.196" timestamp="2026-03-30T01:22:54.607092+00:00" hostname="agent-env-2be9a95c-7e45-4edf-9ccf-599b01be5b5b"><testcase classname="backend.tests.test_growth_engine.TestGrowthAuthRequired" name="test_crawl_requires_auth" time="0.990" /><testcase classname="backend.tests.test_growth_engine.TestGrowthAuthRequired" name="test_analyze_requires_auth" time="0.450" /><testcase classname="backend.tests.test_growth_engine.TestGrowthAuthRequired" name="test_list_pages_requires_auth" time="0.398" /><testcase classname="backend.tests.test_growth_engine.TestGrowthAuthRequired" name="test_get_page_requires_auth" time="0.309" /><testcase classname="backend.tests.test_growth_engine.TestGrowthAuthRequired" name="test_delete_page_requires_auth" time="0.353" /><testcase classname="backend.tests.test_growth_engine.TestGrowthCrawl" name="test_crawl_success" time="1.435" /><testcase classname="backend.tests.test_growth_engine.TestGrowthCrawl" name="test_crawl_missing_url" time="0.672" /><testcase classname="backend.tests.test_growth_engine.TestGrowthCrawl" name="test_crawl_empty_url" time="0.504" /><testcase classname="backend.tests.test_growth_engine.TestGrowthCrawl" name="test_crawl_invalid_url" time="0.568" /><testcase classname="backend.tests.test_growth_engine.TestGrowthPages" name="test_list_pages" time="0.489" /><testcase classname="backend.tests.test_growth_engine.TestGrowthPages" name="test_get_page_by_id" time="1.005" /><testcase classname="backend.tests.test_growth_engine.TestGrowthPages" name="test_get_nonexistent_page" time="0.496" /><testcase classname="backend.tests.test_growth_engine.TestGrowthPages" name="test_get_page_invalid_id" time="0.516" /><testcase classname="backend.tests.test_growth_engine.TestGrowthAnalyze" name="test_analyze_success" time="4.886" /><testcase classname="backend.tests.test_growth_engine.TestGrowthAnalyze" name="test_analyze_missing_page_id" time="0.542" /><testcase classname="backend.tests.test_growth_engine.TestGrowthAnalyze" name="test_analyze_nonexistent_page" time="0.510" /><testcase classname="backend.tests.test_growth_engine.TestGrowthDelete" name="test_delete_page" time="1.668" /><testcase classname="backend.tests.test_growth_engine.TestGrowthDelete" name="test_delete_nonexistent_page" time="0.443" /><testcase classname="backend.tests.test_growth_engine.TestGrowthFullFlow" name="test_full_growth_flow" time="5.854" /></testsuite></testsuites>