<?xml version="1.0" encoding="utf-8"?><testsuites name="pytest tests"><testsuite name="pytest" errors="0" failures="1" skipped="9" tests="13" time="2.857" timestamp="2026-03-31T02:25:18.129261+00:00" hostname="agent-env-ea1984ae-a9c2-4217-a286-ef90b55377f7"><testcase classname="backend.tests.test_projecthub.TestAuth" name="test_login_success" time="1.005"><failure message="AssertionError: Login failed: {&quot;error&quot;:&quot;Route /auth/login not found&quot;}&#10;assert 404 == 200&#10; +  where 404 = &lt;Response [404]&gt;.status_code">backend/tests/test_projecthub.py:25: in test_login_success
    assert response.status_code == 200, f"Login failed: {response.text}"
E   AssertionError: Login failed: {"error":"Route /auth/login not found"}
E   assert 404 == 200
E    +  where 404 = &lt;Response [404]&gt;.status_code</failure></testcase><testcase classname="backend.tests.test_projecthub.TestProjectRename" name="test_rename_project_success" time="0.410"><skipped type="pytest.skip" message="Authentication failed: {&quot;error&quot;:&quot;Route /auth/login not found&quot;}">/app/backend/tests/test_projecthub.py:77: Authentication failed: {"error":"Route /auth/login not found"}</skipped></testcase><testcase classname="backend.tests.test_projecthub.TestProjectRename" name="test_rename_project_verify_persistence" time="0.000"><skipped type="pytest.skip" message="Authentication failed: {&quot;error&quot;:&quot;Route /auth/login not found&quot;}">/app/backend/tests/test_projecthub.py:91: Authentication failed: {"error":"Route /auth/login not found"}</skipped></testcase><testcase classname="backend.tests.test_projecthub.TestProjectRename" name="test_rename_project_unauthorized" time="0.375" /><testcase classname="backend.tests.test_projecthub.TestFileUpload" name="test_upload_text_file" time="0.000"><skipped type="pytest.skip" message="Authentication failed: {&quot;error&quot;:&quot;Route /auth/login not found&quot;}">/app/backend/tests/test_projecthub.py:121: Authentication failed: {"error":"Route /auth/login not found"}</skipped></testcase><testcase classname="backend.tests.test_projecthub.TestFileUpload" name="test_upload_multiple_files" time="0.000"><skipped type="pytest.skip" message="Authentication failed: {&quot;error&quot;:&quot;Route /auth/login not found&quot;}">/app/backend/tests/test_projecthub.py:143: Authentication failed: {"error":"Route /auth/login not found"}</skipped></testcase><testcase classname="backend.tests.test_projecthub.TestFileUpload" name="test_upload_no_files_error" time="0.000"><skipped type="pytest.skip" message="Authentication failed: {&quot;error&quot;:&quot;Route /auth/login not found&quot;}">/app/backend/tests/test_projecthub.py:170: Authentication failed: {"error":"Route /auth/login not found"}</skipped></testcase><testcase classname="backend.tests.test_projecthub.TestFileUpload" name="test_upload_unauthorized" time="0.450" /><testcase classname="backend.tests.test_projecthub.TestMediaBinAttachments" name="test_get_attachments_empty" time="0.000"><skipped type="pytest.skip" message="Authentication failed: {&quot;error&quot;:&quot;Route /auth/login not found&quot;}">/app/backend/tests/test_projecthub.py:191: Authentication failed: {"error":"Route /auth/login not found"}</skipped></testcase><testcase classname="backend.tests.test_projecthub.TestMediaBinAttachments" name="test_upload_then_list_attachments" time="0.000"><skipped type="pytest.skip" message="Authentication failed: {&quot;error&quot;:&quot;Route /auth/login not found&quot;}">/app/backend/tests/test_projecthub.py:202: Authentication failed: {"error":"Route /auth/login not found"}</skipped></testcase><testcase classname="backend.tests.test_projecthub.TestMediaBinAttachments" name="test_attachments_unauthorized" time="0.387" /><testcase classname="backend.tests.test_projecthub.TestProjectFilesIncludeUploads" name="test_uploaded_files_in_project_files" time="0.000"><skipped type="pytest.skip" message="Authentication failed: {&quot;error&quot;:&quot;Route /auth/login not found&quot;}">/app/backend/tests/test_projecthub.py:240: Authentication failed: {"error":"Route /auth/login not found"}</skipped></testcase><testcase classname="backend.tests.test_projecthub.TestQuickActionsCards" name="test_projects_list_loads" time="0.000"><skipped type="pytest.skip" message="Authentication failed: {&quot;error&quot;:&quot;Route /auth/login not found&quot;}">/app/backend/tests/test_projecthub.py:269: Authentication failed: {"error":"Route /auth/login not found"}</skipped></testcase></testsuite></testsuites>