<?xml version="1.0" encoding="utf-8"?><testsuites name="pytest tests"><testsuite name="pytest" errors="0" failures="0" skipped="0" tests="26" time="1.544" timestamp="2026-04-08T03:05:33.926093+00:00" hostname="agent-env-49a0d321-14ab-49bd-a5ce-4a1b13d8cbc7"><testcase classname="backend.tests.test_preview_lazy_imports.TestLazyFunctionDefinition" name="test_lazy_function_is_defined" time="0.001" /><testcase classname="backend.tests.test_preview_lazy_imports.TestLazyFunctionDefinition" name="test_lazy_uses_react_forwardref" time="0.000" /><testcase classname="backend.tests.test_preview_lazy_imports.TestLazyFunctionDefinition" name="test_lazy_has_islazy_marker" time="0.000" /><testcase classname="backend.tests.test_preview_lazy_imports.TestLazyFunctionDefinition" name="test_lazy_has_modname_property" time="0.000" /><testcase classname="backend.tests.test_preview_lazy_imports.TestLazyFunctionDefinition" name="test_lazy_defers_resolution_to_render_time" time="0.000" /><testcase classname="backend.tests.test_preview_lazy_imports.TestLazyFunctionDefinition" name="test_lazy_has_fallback_for_missing_component" time="0.000" /><testcase classname="backend.tests.test_preview_lazy_imports.TestLocalImportResolution" name="test_default_imports_use_lazy" time="0.000" /><testcase classname="backend.tests.test_preview_lazy_imports.TestLocalImportResolution" name="test_named_imports_use_lazy" time="0.000" /><testcase classname="backend.tests.test_preview_lazy_imports.TestLocalImportResolution" name="test_old_eager_resolution_not_present" time="0.000" /><testcase classname="backend.tests.test_preview_lazy_imports.TestUnknownPackageImports" name="test_stub_component_function_defined" time="0.000" /><testcase classname="backend.tests.test_preview_lazy_imports.TestUnknownPackageImports" name="test_unknown_imports_generate_stubs" time="0.000" /><testcase classname="backend.tests.test_preview_lazy_imports.TestUnknownPackageImports" name="test_stub_component_renders_div_with_data_stub" time="0.000" /><testcase classname="backend.tests.test_preview_lazy_imports.TestErrorBoundary" name="test_error_boundary_class_defined" time="0.000" /><testcase classname="backend.tests.test_preview_lazy_imports.TestErrorBoundary" name="test_error_boundary_has_get_derived_state_from_error" time="0.000" /><testcase classname="backend.tests.test_preview_lazy_imports.TestErrorBoundary" name="test_error_boundary_wraps_entry_component" time="0.001" /><testcase classname="backend.tests.test_preview_lazy_imports.TestErrorBoundary" name="test_error_boundary_shows_error_message" time="0.000" /><testcase classname="backend.tests.test_preview_lazy_imports.TestAppHealth" name="test_app_returns_http_200" time="0.252" /><testcase classname="backend.tests.test_preview_lazy_imports.TestAppHealth" name="test_api_health_endpoint" time="0.943" /><testcase classname="backend.tests.test_preview_lazy_imports.TestBuildReactPreviewStructure" name="test_build_react_preview_function_exists" time="0.000" /><testcase classname="backend.tests.test_preview_lazy_imports.TestBuildReactPreviewStructure" name="test_module_stubs_object_defined" time="0.000" /><testcase classname="backend.tests.test_preview_lazy_imports.TestBuildReactPreviewStructure" name="test_components_registry_defined" time="0.000" /><testcase classname="backend.tests.test_preview_lazy_imports.TestBuildReactPreviewStructure" name="test_babel_transform_uses_mkplugin" time="0.000" /><testcase classname="backend.tests.test_preview_lazy_imports.TestBuildReactPreviewStructure" name="test_icon_proxy_defined_for_lucide" time="0.000" /><testcase classname="backend.tests.test_preview_lazy_imports.TestBuildReactPreviewStructure" name="test_motion_proxy_defined_for_framer" time="0.000" /><testcase classname="backend.tests.test_preview_lazy_imports.TestLoginFlow" name="test_main_page_loads_successfully" time="0.147" /><testcase classname="backend.tests.test_preview_lazy_imports.TestLoginFlow" name="test_auth_callback_route_exists" time="0.117" /></testsuite></testsuites>