<?xml version="1.0" encoding="utf-8"?><testsuites name="pytest tests"><testsuite name="pytest" errors="0" failures="0" skipped="0" tests="18" time="20.562" timestamp="2026-03-30T02:50:40.102084+00:00" hostname="agent-env-11c84ea0-af22-4767-8b53-be6b2f745294"><testcase classname="backend.tests.test_performance_scoring.TestFeedbackAuth" name="test_feedback_without_auth_returns_401" time="0.766" /><testcase classname="backend.tests.test_performance_scoring.TestFeedbackAuth" name="test_get_feedback_without_auth_returns_401" time="0.346" /><testcase classname="backend.tests.test_performance_scoring.TestFeedbackValidation" name="test_feedback_missing_content_type_returns_400" time="1.014" /><testcase classname="backend.tests.test_performance_scoring.TestFeedbackValidation" name="test_feedback_missing_page_id_returns_400" time="0.615" /><testcase classname="backend.tests.test_performance_scoring.TestFeedbackValidation" name="test_feedback_invalid_rating_returns_400" time="0.634" /><testcase classname="backend.tests.test_performance_scoring.TestFeedbackValidation" name="test_feedback_invalid_content_type_returns_400" time="0.599" /><testcase classname="backend.tests.test_performance_scoring.TestFeedbackSubmission" name="test_submit_thumbs_up_for_fixes" time="1.684" /><testcase classname="backend.tests.test_performance_scoring.TestFeedbackSubmission" name="test_submit_thumbs_down_for_social_post" time="0.544" /><testcase classname="backend.tests.test_performance_scoring.TestFeedbackSubmission" name="test_submit_feedback_for_search_ad" time="0.545" /><testcase classname="backend.tests.test_performance_scoring.TestFeedbackSubmission" name="test_submit_feedback_for_email" time="0.549" /><testcase classname="backend.tests.test_performance_scoring.TestFeedbackUpsert" name="test_upsert_changes_rating" time="2.515" /><testcase classname="backend.tests.test_performance_scoring.TestGetFeedback" name="test_get_feedback_returns_all_feedback" time="1.410" /><testcase classname="backend.tests.test_performance_scoring.TestPersonaScoreUpdates" name="test_feedback_with_persona_updates_score" time="3.445" /><testcase classname="backend.tests.test_performance_scoring.TestPersonaScoreUpdates" name="test_negative_feedback_decreases_score" time="1.669" /><testcase classname="backend.tests.test_performance_scoring.TestAutoModePersonaSorting" name="test_personas_sorted_by_performance_score" time="0.857" /><testcase classname="backend.tests.test_performance_scoring.TestExistingFunctionality" name="test_pages_list_works" time="0.809" /><testcase classname="backend.tests.test_performance_scoring.TestExistingFunctionality" name="test_personas_list_works" time="0.535" /><testcase classname="backend.tests.test_performance_scoring.TestExistingFunctionality" name="test_trends_list_works" time="1.920" /></testsuite></testsuites>