<?xml version="1.0" encoding="utf-8"?><testsuites name="pytest tests"><testsuite name="pytest" errors="0" failures="0" skipped="0" tests="18" time="2.265" timestamp="2026-04-08T02:22:33.867172+00:00" hostname="agent-env-49a0d321-14ab-49bd-a5ce-4a1b13d8cbc7"><testcase classname="backend.tests.test_design_quality_prompts.TestPromptBuilderExports" name="test_buildDesignExcellenceBlock_is_exported" time="0.003" /><testcase classname="backend.tests.test_design_quality_prompts.TestPromptBuilderExports" name="test_buildDesignExcellenceBlock_contains_design_excellence_header" time="0.000" /><testcase classname="backend.tests.test_design_quality_prompts.TestPromptBuilderExports" name="test_buildDesignExcellenceBlock_contains_unsplash_urls" time="0.000" /><testcase classname="backend.tests.test_design_quality_prompts.TestPromptBuilderExports" name="test_buildDesignExcellenceBlock_contains_glassmorphism" time="0.000" /><testcase classname="backend.tests.test_design_quality_prompts.TestPromptBuilderExports" name="test_buildDesignExcellenceBlock_contains_glow_effects" time="0.000" /><testcase classname="backend.tests.test_design_quality_prompts.TestPlanExecutorIntegration" name="test_plan_executor_imports_buildDesignExcellenceBlock" time="0.003" /><testcase classname="backend.tests.test_design_quality_prompts.TestPlanExecutorIntegration" name="test_plan_executor_uses_buildDesignExcellenceBlock_in_system_message" time="0.000" /><testcase classname="backend.tests.test_design_quality_prompts.TestPlanExecutorIntegration" name="test_plan_executor_buildDesignExcellenceBlock_in_execute_plan_section" time="0.000" /><testcase classname="backend.tests.test_design_quality_prompts.TestMessageStreamDesignQuality" name="test_message_stream_has_design_quality_section" time="0.003" /><testcase classname="backend.tests.test_design_quality_prompts.TestMessageStreamDesignQuality" name="test_message_stream_design_quality_conditional_on_isNewProjectBuild" time="0.000" /><testcase classname="backend.tests.test_design_quality_prompts.TestMessageStreamDesignQuality" name="test_message_stream_design_quality_mentions_separate_component_files" time="0.000" /><testcase classname="backend.tests.test_design_quality_prompts.TestCanvasPanelBriefFormat" name="test_canvas_panel_brief_has_build_marker" time="0.000" /><testcase classname="backend.tests.test_design_quality_prompts.TestCanvasPanelBriefFormat" name="test_canvas_panel_brief_not_verbose_150_lines" time="0.000" /><testcase classname="backend.tests.test_design_quality_prompts.TestCanvasPanelBriefFormat" name="test_canvas_panel_brief_mentions_production_ready" time="0.000" /><testcase classname="backend.tests.test_design_quality_prompts.TestIsSimpleFrontendEditBehavior" name="test_isSimpleFrontendEdit_returns_false_for_brief_marker" time="0.000" /><testcase classname="backend.tests.test_design_quality_prompts.TestIsSimpleFrontendEditBehavior" name="test_isSimpleFrontendEdit_returns_false_for_long_messages" time="0.000" /><testcase classname="backend.tests.test_design_quality_prompts.TestAppHealth" name="test_app_returns_http_200" time="0.445" /><testcase classname="backend.tests.test_design_quality_prompts.TestAppHealth" name="test_api_health_endpoint" time="1.770" /></testsuite></testsuites>