<?xml version="1.0" encoding="utf-8"?><testsuites name="pytest tests"><testsuite name="pytest" errors="0" failures="0" skipped="0" tests="10" time="17.251" timestamp="2026-03-30T01:54:00.253983+00:00" hostname="agent-env-2be9a95c-7e45-4edf-9ccf-599b01be5b5b"><testcase classname="backend.tests.test_trends_engine.TestTrendsAuth" name="test_trends_list_unauthenticated_returns_401" time="0.589" /><testcase classname="backend.tests.test_trends_engine.TestTrendsAuth" name="test_trends_fetch_unauthenticated_returns_401" time="0.417" /><testcase classname="backend.tests.test_trends_engine.TestTrendsFetch" name="test_trends_fetch_with_auth_returns_success" time="1.425" /><testcase classname="backend.tests.test_trends_engine.TestTrendsList" name="test_trends_list_with_auth_returns_trends" time="0.675" /><testcase classname="backend.tests.test_trends_engine.TestExistingGrowthEndpoints" name="test_growth_crawl_still_works" time="0.712" /><testcase classname="backend.tests.test_trends_engine.TestExistingGrowthEndpoints" name="test_growth_pages_list_still_works" time="0.570" /><testcase classname="backend.tests.test_trends_engine.TestExistingGrowthEndpoints" name="test_growth_analyze_still_works" time="4.924" /><testcase classname="backend.tests.test_trends_engine.TestExistingGrowthEndpoints" name="test_growth_page_detail_has_fixes_field" time="1.162" /><testcase classname="backend.tests.test_trends_engine.TestExistingGrowthEndpoints" name="test_growth_delete_still_works" time="1.878" /><testcase classname="backend.tests.test_trends_engine.TestTrendIntegrationWithAnalyze" name="test_fetch_trends_then_analyze_works" time="4.809" /></testsuite></testsuites>