<?xml version="1.0" encoding="utf-8"?><testsuites name="pytest tests"><testsuite name="pytest" errors="0" failures="0" skipped="0" tests="20" time="1.691" timestamp="2026-04-08T14:00:02.155625+00:00" hostname="agent-env-49a0d321-14ab-49bd-a5ce-4a1b13d8cbc7"><testcase classname="backend.tests.test_aurora_and_preview_snapshot.TestAuroraSpeedReduction" name="test_aurora_engine_file_exists_in_lib" time="0.000" /><testcase classname="backend.tests.test_aurora_and_preview_snapshot.TestAuroraSpeedReduction" name="test_aurora_engine_file_exists_in_frontend" time="0.000" /><testcase classname="backend.tests.test_aurora_and_preview_snapshot.TestAuroraSpeedReduction" name="test_aurora_idle_speed_reduced" time="0.001" /><testcase classname="backend.tests.test_aurora_and_preview_snapshot.TestAuroraSpeedReduction" name="test_aurora_thinking_speed_reduced" time="0.000" /><testcase classname="backend.tests.test_aurora_and_preview_snapshot.TestAuroraSpeedReduction" name="test_aurora_responding_speed_reduced" time="0.000" /><testcase classname="backend.tests.test_aurora_and_preview_snapshot.TestAuroraSpeedReduction" name="test_aurora_listening_speed_reduced" time="0.000" /><testcase classname="backend.tests.test_aurora_and_preview_snapshot.TestAuroraSpeedReduction" name="test_aurora_files_match" time="0.001" /><testcase classname="backend.tests.test_aurora_and_preview_snapshot.TestPreviewSnapshotAPI" name="test_preview_snapshot_route_exists_in_files_js" time="0.000" /><testcase classname="backend.tests.test_aurora_and_preview_snapshot.TestPreviewSnapshotAPI" name="test_preview_snapshot_get_returns_401_without_auth" time="0.874" /><testcase classname="backend.tests.test_aurora_and_preview_snapshot.TestPreviewSnapshotAPI" name="test_preview_snapshot_put_returns_401_without_auth" time="0.344" /><testcase classname="backend.tests.test_aurora_and_preview_snapshot.TestPreviewSnapshotAPI" name="test_preview_snapshot_get_handler_checks_project_exists" time="0.000" /><testcase classname="backend.tests.test_aurora_and_preview_snapshot.TestPreviewSnapshotAPI" name="test_preview_snapshot_put_saves_to_settings" time="0.000" /><testcase classname="backend.tests.test_aurora_and_preview_snapshot.TestPreviewTabSnapshotLogic" name="test_preview_tab_has_snapshot_state" time="0.000" /><testcase classname="backend.tests.test_aurora_and_preview_snapshot.TestPreviewTabSnapshotLogic" name="test_preview_tab_has_files_content_hash" time="0.000" /><testcase classname="backend.tests.test_aurora_and_preview_snapshot.TestPreviewTabSnapshotLogic" name="test_preview_tab_loads_snapshot_on_mount" time="0.000" /><testcase classname="backend.tests.test_aurora_and_preview_snapshot.TestPreviewTabSnapshotLogic" name="test_preview_tab_saves_snapshot_after_compile" time="0.000" /><testcase classname="backend.tests.test_aurora_and_preview_snapshot.TestPreviewTabSnapshotLogic" name="test_preview_tab_clears_snapshot_on_refresh" time="0.000" /><testcase classname="backend.tests.test_aurora_and_preview_snapshot.TestPreviewTabSnapshotLogic" name="test_preview_tab_clears_snapshot_on_live_stream" time="0.000" /><testcase classname="backend.tests.test_aurora_and_preview_snapshot.TestPreviewTabSnapshotLogic" name="test_preview_tab_uses_snapshot_if_hash_matches" time="0.000" /><testcase classname="backend.tests.test_aurora_and_preview_snapshot.TestHealthEndpoint" name="test_api_health" time="0.377" /></testsuite></testsuites>