<?xml version="1.0" encoding="utf-8"?><testsuites name="pytest tests"><testsuite name="pytest" errors="0" failures="0" skipped="0" tests="19" time="21.753" timestamp="2026-03-30T01:35:42.406317+00:00" hostname="agent-env-2be9a95c-7e45-4edf-9ccf-599b01be5b5b"><testcase classname="backend.tests.test_growth_engine.TestGrowthAuthRequired" name="test_crawl_requires_auth" time="0.491" /><testcase classname="backend.tests.test_growth_engine.TestGrowthAuthRequired" name="test_analyze_requires_auth" time="0.365" /><testcase classname="backend.tests.test_growth_engine.TestGrowthAuthRequired" name="test_list_pages_requires_auth" time="0.337" /><testcase classname="backend.tests.test_growth_engine.TestGrowthAuthRequired" name="test_get_page_requires_auth" time="0.320" /><testcase classname="backend.tests.test_growth_engine.TestGrowthAuthRequired" name="test_delete_page_requires_auth" time="0.358" /><testcase classname="backend.tests.test_growth_engine.TestGrowthCrawl" name="test_crawl_success" time="1.112" /><testcase classname="backend.tests.test_growth_engine.TestGrowthCrawl" name="test_crawl_missing_url" time="0.640" /><testcase classname="backend.tests.test_growth_engine.TestGrowthCrawl" name="test_crawl_empty_url" time="0.589" /><testcase classname="backend.tests.test_growth_engine.TestGrowthCrawl" name="test_crawl_invalid_url" time="0.653" /><testcase classname="backend.tests.test_growth_engine.TestGrowthPages" name="test_list_pages" time="0.585" /><testcase classname="backend.tests.test_growth_engine.TestGrowthPages" name="test_get_page_by_id" time="1.130" /><testcase classname="backend.tests.test_growth_engine.TestGrowthPages" name="test_get_nonexistent_page" time="0.628" /><testcase classname="backend.tests.test_growth_engine.TestGrowthPages" name="test_get_page_invalid_id" time="0.524" /><testcase classname="backend.tests.test_growth_engine.TestGrowthAnalyze" name="test_analyze_success" time="3.883" /><testcase classname="backend.tests.test_growth_engine.TestGrowthAnalyze" name="test_analyze_missing_page_id" time="0.562" /><testcase classname="backend.tests.test_growth_engine.TestGrowthAnalyze" name="test_analyze_nonexistent_page" time="0.526" /><testcase classname="backend.tests.test_growth_engine.TestGrowthDelete" name="test_delete_page" time="1.764" /><testcase classname="backend.tests.test_growth_engine.TestGrowthDelete" name="test_delete_nonexistent_page" time="0.558" /><testcase classname="backend.tests.test_growth_engine.TestGrowthFullFlow" name="test_full_growth_flow" time="6.650" /></testsuite></testsuites>