<?xml version="1.0" encoding="utf-8"?><testsuites name="pytest tests"><testsuite name="pytest" errors="0" failures="0" skipped="0" tests="11" time="12.699" timestamp="2026-04-07T13:11:43.330216+00:00" hostname="agent-env-49a0d321-14ab-49bd-a5ce-4a1b13d8cbc7"><testcase classname="backend.tests.test_iteration60_features.TestTemplatesAPI" name="test_templates_returns_5_templates" time="3.427" /><testcase classname="backend.tests.test_iteration60_features.TestTemplatesAPI" name="test_templates_have_correct_structure" time="0.642" /><testcase classname="backend.tests.test_iteration60_features.TestTemplatesAPI" name="test_templates_have_categories" time="0.469" /><testcase classname="backend.tests.test_iteration60_features.TestProjectCreationWithTemplate" name="test_create_project_with_template_requires_auth" time="0.354" /><testcase classname="backend.tests.test_iteration60_features.TestProjectCreationWithTemplate" name="test_create_project_with_template" time="4.237" /><testcase classname="backend.tests.test_iteration60_features.TestNetlifyDeploy" name="test_netlify_deploy_requires_auth" time="0.973" /><testcase classname="backend.tests.test_iteration60_features.TestNetlifyDeploy" name="test_netlify_deploy_requires_token" time="1.163" /><testcase classname="backend.tests.test_iteration60_features.TestBatchMonitorCheck" name="test_batch_check_requires_auth" time="0.256" /><testcase classname="backend.tests.test_iteration60_features.TestBatchMonitorCheck" name="test_batch_check_with_auth" time="1.111" /><testcase classname="backend.tests.test_iteration60_features.TestOOMMemoryFix" name="test_supervisor_config_has_2gb_heap" time="0.000" /><testcase classname="backend.tests.test_iteration60_features.TestOOMMemoryFix" name="test_next_config_has_filesystem_cache" time="0.000" /></testsuite></testsuites>