<?xml version="1.0" encoding="utf-8"?><testsuites name="pytest tests"><testsuite name="pytest" errors="0" failures="1" skipped="0" tests="11" time="21.715" timestamp="2026-03-30T02:24:16.628976+00:00" hostname="agent-env-11c84ea0-af22-4767-8b53-be6b2f745294"><testcase classname="backend.tests.test_persona_switcher.TestAnalyzeWithoutPersonaId" name="test_analyze_without_persona_id_returns_200" time="6.010" /><testcase classname="backend.tests.test_persona_switcher.TestAnalyzeWithoutPersonaId" name="test_analyze_without_persona_id_has_expected_structure" time="3.023" /><testcase classname="backend.tests.test_persona_switcher.TestAnalyzeWithValidPersonaId" name="test_analyze_with_persona_id_returns_200" time="4.089" /><testcase classname="backend.tests.test_persona_switcher.TestAnalyzeWithValidPersonaId" name="test_analyze_with_persona_id_returns_persona_name" time="2.956" /><testcase classname="backend.tests.test_persona_switcher.TestAnalyzeWithInvalidPersonaId" name="test_analyze_with_invalid_persona_id_format" time="0.515"><failure message="AssertionError: Expected 400, got 404: {&quot;error&quot;:&quot;Persona not found&quot;}&#10;assert 404 == 400&#10; +  where 404 = &lt;Response [404]&gt;.status_code">backend/tests/test_persona_switcher.py:211: in test_analyze_with_invalid_persona_id_format
    assert response.status_code == 400, f"Expected 400, got {response.status_code}: {response.text}"
E   AssertionError: Expected 400, got 404: {"error":"Persona not found"}
E   assert 404 == 400
E    +  where 404 = &lt;Response [404]&gt;.status_code</failure></testcase><testcase classname="backend.tests.test_persona_switcher.TestAnalyzeWithInvalidPersonaId" name="test_analyze_with_nonexistent_persona_id" time="0.502" /><testcase classname="backend.tests.test_persona_switcher.TestAnalyzePersonaOwnership" name="test_analyze_with_other_user_persona_returns_404" time="0.453" /><testcase classname="backend.tests.test_persona_switcher.TestExistingFunctionalityStillWorks" name="test_crawl_still_works" time="1.674" /><testcase classname="backend.tests.test_persona_switcher.TestExistingFunctionalityStillWorks" name="test_pages_list_still_works" time="0.462" /><testcase classname="backend.tests.test_persona_switcher.TestExistingFunctionalityStillWorks" name="test_page_delete_still_works" time="0.995" /><testcase classname="backend.tests.test_persona_switcher.TestCleanup" name="test_cleanup_test_personas" time="0.927" /></testsuite></testsuites>