<?xml version="1.0" encoding="utf-8"?><testsuites name="pytest tests"><testsuite name="pytest" errors="0" failures="0" skipped="2" tests="4" time="0.883" timestamp="2026-04-12T03:57:52.065854+00:00" hostname="agent-env-49a0d321-14ab-49bd-a5ce-4a1b13d8cbc7"><testcase classname="backend.tests.test_patch_history_api.TestHealthCheck" name="test_health_returns_200" time="0.287" /><testcase classname="backend.tests.test_patch_history_api.TestPatchHistoryAPI" name="test_patch_history_returns_history_array" time="0.168"><skipped type="pytest.skip" message="Authentication failed: 404 - {&quot;error&quot;:&quot;Route /auth/login not found&quot;}">/app/backend/tests/test_patch_history_api.py:66: Authentication failed: 404 - {"error":"Route /auth/login not found"}</skipped></testcase><testcase classname="backend.tests.test_patch_history_api.TestPatchHistoryAPI" name="test_patch_history_unauthorized" time="0.160" /><testcase classname="backend.tests.test_patch_history_api.TestFileDiffAPI" name="test_file_diff_returns_original_content" time="0.160"><skipped type="pytest.skip" message="Authentication failed: 404">/app/backend/tests/test_patch_history_api.py:131: Authentication failed: 404</skipped></testcase></testsuite></testsuites>